<?xml version="1.0" encoding="UTF-8"?>
<testsuite name="com.recruitment.coffee.machine.command.MakeDrinkCommandTest" tests="13" skipped="0" failures="0" errors="0" timestamp="2020-04-09T03:00:10" hostname="ThinkPad-W510" time="0.535">
  <properties/>
  <testcase name="testCoffeeMachineReturnsExpectedOutputForCoffeeCombinations[0: com.recruitment.coffee.machine.cli.impl.InputArguments@2d879f00, You have ordered a coffee with 1 sugars (stick included)]" classname="com.recruitment.coffee.machine.command.MakeDrinkCommandTest" time="0.518"/>
  <testcase name="testCoffeeMachineReturnsExpectedOutputForCoffeeCombinations[1: com.recruitment.coffee.machine.cli.impl.InputArguments@34de93ed, You have ordered a coffee extra hot with 1 sugars (stick included)]" classname="com.recruitment.coffee.machine.command.MakeDrinkCommandTest" time="0.001"/>
  <testcase name="testCoffeeMachineReturnsExpectedOutputForCoffeeCombinations[2: com.recruitment.coffee.machine.cli.impl.InputArguments@4b887640, You have ordered a coffee with 0 sugar]" classname="com.recruitment.coffee.machine.command.MakeDrinkCommandTest" time="0.001"/>
  <testcase name="testCoffeeMachineReturnsExpectedOutputForCoffeeCombinations[3: com.recruitment.coffee.machine.cli.impl.InputArguments@2d11a7e7, The coffee costs 0.5.]" classname="com.recruitment.coffee.machine.command.MakeDrinkCommandTest" time="0.001"/>
  <testcase name="testCoffeeMachineReturnsExpectedOutputForCoffeeCombinations[4: com.recruitment.coffee.machine.cli.impl.InputArguments@7eea03ed, You have ordered a tea with 1 sugars (stick included)]" classname="com.recruitment.coffee.machine.command.MakeDrinkCommandTest" time="0.002"/>
  <testcase name="testCoffeeMachineReturnsExpectedOutputForCoffeeCombinations[5: com.recruitment.coffee.machine.cli.impl.InputArguments@3eeba626, You have ordered a tea extra hot with 1 sugars (stick included)]" classname="com.recruitment.coffee.machine.command.MakeDrinkCommandTest" time="0.001"/>
  <testcase name="testCoffeeMachineReturnsExpectedOutputForCoffeeCombinations[6: com.recruitment.coffee.machine.cli.impl.InputArguments@36d9fdcd, You have ordered a tea with 0 sugar]" classname="com.recruitment.coffee.machine.command.MakeDrinkCommandTest" time="0.001"/>
  <testcase name="testCoffeeMachineReturnsExpectedOutputForCoffeeCombinations[7: com.recruitment.coffee.machine.cli.impl.InputArguments@16575a6e, The tea costs 0.4.]" classname="com.recruitment.coffee.machine.command.MakeDrinkCommandTest" time="0.001"/>
  <testcase name="testCoffeeMachineReturnsExpectedOutputForCoffeeCombinations[8: com.recruitment.coffee.machine.cli.impl.InputArguments@380cc622, You have ordered a chocolate with 1 sugars (stick included)]" classname="com.recruitment.coffee.machine.command.MakeDrinkCommandTest" time="0.001"/>
  <testcase name="testCoffeeMachineReturnsExpectedOutputForCoffeeCombinations[9: com.recruitment.coffee.machine.cli.impl.InputArguments@5b359d93, You have ordered a chocolate extra hot with 1 sugars (stick included)]" classname="com.recruitment.coffee.machine.command.MakeDrinkCommandTest" time="0.001"/>
  <testcase name="testCoffeeMachineReturnsExpectedOutputForCoffeeCombinations[10: com.recruitment.coffee.machine.cli.impl.InputArguments@227b34ad, You have ordered a chocolate with 0 sugar]" classname="com.recruitment.coffee.machine.command.MakeDrinkCommandTest" time="0.001"/>
  <testcase name="testCoffeeMachineReturnsExpectedOutputForCoffeeCombinations[11: com.recruitment.coffee.machine.cli.impl.InputArguments@e539ea6, The chocolate costs 0.6.]" classname="com.recruitment.coffee.machine.command.MakeDrinkCommandTest" time="0.0"/>
  <testcase name="testCoffeeMachineReturnsExpectedOutputForCoffeeCombinations[12: com.recruitment.coffee.machine.cli.impl.InputArguments@50b06498, The drink type should be tea, coffee or chocolate.]" classname="com.recruitment.coffee.machine.command.MakeDrinkCommandTest" time="0.0"/>
  <system-out><![CDATA[]]></system-out>
  <system-err><![CDATA[]]></system-err>
</testsuite>
